# JRE version: OpenJDK Runtime Environment Microsoft-8035246 (17.0.8+7) (build 17.0.8+7-LTS)
# Java VM: OpenJDK 64-Bit Server VM Microsoft-8035246 (17.0.8+7-LTS, mixed mode, sharing, tiered, compressed oops, compressed class ptrs, g1 gc, windows-amd64)
GC Precious Log:
 CPUs: 12 total, 12 available
 Memory: 7916M
 Large Page Support: Disabled
 NUMA Support: Disabled
 Compressed Oops: Enabled (32-bit)
 Heap Region Size: 1M
 Heap Min Capacity: 8M
 Heap Initial Capacity: 124M
 Heap Max Capacity: 2G
 Pre-touch: Disabled
 Parallel Workers: 10
 Concurrent Workers: 3
 Concurrent Refinement Workers: 10
 Periodic GC: Disabled
Heap:
 garbage-first heap   total 343040K, used 258498K [0x0000000080000000, 0x0000000100000000)
  region size 1024K, 7 young (7168K), 6 survivors (6144K)
 Metaspace       used 114835K, committed 116608K, reserved 557056K
  class space    used 16004K, committed 16768K, reserved 425984K
GC Heap History (20 events):
Event: 67.851 GC heap before
{Heap before GC invocations=53 (full 0):
 garbage-first heap   total 343040K, used 262760K [0x0000000080000000, 0x0000000100000000)
  region size 1024K, 86 young (88064K), 11 survivors (11264K)
 Metaspace       used 107268K, committed 108800K, reserved 557056K
  class space    used 14968K, committed 15616K, reserved 425984K
}
Event: 67.884 GC heap after
{Heap after GC invocations=54 (full 0):
 garbage-first heap   total 343040K, used 200515K [0x0000000080000000, 0x0000000100000000)
  region size 1024K, 11 young (11264K), 11 survivors (11264K)
 Metaspace       used 107268K, committed 108800K, reserved 557056K
  class space    used 14968K, committed 15616K, reserved 425984K
}
Event: 69.797 GC heap before
{Heap before GC invocations=54 (full 0):
 garbage-first heap   total 343040K, used 270147K [0x0000000080000000, 0x0000000100000000)
  region size 1024K, 77 young (78848K), 11 survivors (11264K)
 Metaspace       used 110004K, committed 111552K, reserved 557056K
  class space    used 15393K, committed 16064K, reserved 425984K
}
Event: 69.843 GC heap after
{Heap after GC invocations=55 (full 0):
 garbage-first heap   total 343040K, used 213123K [0x0000000080000000, 0x0000000100000000)
  region size 1024K, 10 young (10240K), 10 survivors (10240K)
 Metaspace       used 110004K, committed 111552K, reserved 557056K
  class space    used 15393K, committed 16064K, reserved 425984K
}
Event: 71.713 GC heap before
{Heap before GC invocations=55 (full 0):
 garbage-first heap   total 343040K, used 273539K [0x0000000080000000, 0x0000000100000000)
  region size 1024K, 69 young (70656K), 10 survivors (10240K)
 Metaspace       used 112242K, committed 113856K, reserved 557056K
  class space    used 15657K, committed 16384K, reserved 425984K
}
Event: 71.754 GC heap after
{Heap after GC invocations=56 (full 0):
 garbage-first heap   total 343040K, used 223935K [0x0000000080000000, 0x0000000100000000)
  region size 1024K, 9 young (9216K), 9 survivors (9216K)
 Metaspace       used 112242K, committed 113856K, reserved 557056K
  class space    used 15657K, committed 16384K, reserved 425984K
}
Event: 73.129 GC heap before
{Heap before GC invocations=56 (full 0):
 garbage-first heap   total 343040K, used 278207K [0x0000000080000000, 0x0000000100000000)
  region size 1024K, 62 young (63488K), 9 survivors (9216K)
 Metaspace       used 112847K, committed 114496K, reserved 557056K
  class space    used 15714K, committed 16448K, reserved 425984K
}
Event: 73.164 GC heap after
{Heap after GC invocations=57 (full 0):
 garbage-first heap   total 343040K, used 231384K [0x0000000080000000, 0x0000000100000000)
  region size 1024K, 7 young (7168K), 7 survivors (7168K)
 Metaspace       used 112847K, committed 114496K, reserved 557056K
  class space    used 15714K, committed 16448K, reserved 425984K
}
Event: 74.037 GC heap before
{Heap before GC invocations=57 (full 0):
 garbage-first heap   total 343040K, used 282584K [0x0000000080000000, 0x0000000100000000)
  region size 1024K, 57 young (58368K), 7 survivors (7168K)
 Metaspace       used 113068K, committed 114688K, reserved 557056K
  class space    used 15729K, committed 16448K, reserved 425984K
}
Event: 74.057 GC heap after
{Heap after GC invocations=58 (full 0):
 garbage-first heap   total 343040K, used 236076K [0x0000000080000000, 0x0000000100000000)
  region size 1024K, 6 young (6144K), 6 survivors (6144K)
 Metaspace       used 113068K, committed 114688K, reserved 557056K
  class space    used 15729K, committed 16448K, reserved 425984K
}
Event: 74.755 GC heap before
{Heap before GC invocations=58 (full 0):
 garbage-first heap   total 343040K, used 285228K [0x0000000080000000, 0x0000000100000000)
  region size 1024K, 54 young (55296K), 6 survivors (6144K)
 Metaspace       used 113304K, committed 115008K, reserved 557056K
  class space    used 15762K, committed 16512K, reserved 425984K
}
Event: 74.782 GC heap after
{Heap after GC invocations=59 (full 0):
 garbage-first heap   total 343040K, used 241635K [0x0000000080000000, 0x0000000100000000)
  region size 1024K, 6 young (6144K), 6 survivors (6144K)
 Metaspace       used 113304K, committed 115008K, reserved 557056K
  class space    used 15762K, committed 16512K, reserved 425984K
}
Event: 75.599 GC heap before
{Heap before GC invocations=59 (full 0):
 garbage-first heap   total 343040K, used 286691K [0x0000000080000000, 0x0000000100000000)
  region size 1024K, 51 young (52224K), 6 survivors (6144K)
 Metaspace       used 114138K, committed 115904K, reserved 557056K
  class space    used 15953K, committed 16704K, reserved 425984K
}
Event: 75.616 GC heap after
{Heap after GC invocations=60 (full 0):
 garbage-first heap   total 343040K, used 246493K [0x0000000080000000, 0x0000000100000000)
  region size 1024K, 5 young (5120K), 5 survivors (5120K)
 Metaspace       used 114138K, committed 115904K, reserved 557056K
  class space    used 15953K, committed 16704K, reserved 425984K
}
Event: 76.235 GC heap before
{Heap before GC invocations=60 (full 0):
 garbage-first heap   total 343040K, used 289501K [0x0000000080000000, 0x0000000100000000)
  region size 1024K, 48 young (49152K), 5 survivors (5120K)
 Metaspace       used 114411K, committed 116224K, reserved 557056K
  class space    used 15960K, committed 16768K, reserved 425984K
}
Event: 76.243 GC heap after
{Heap after GC invocations=61 (full 0):
 garbage-first heap   total 343040K, used 248885K [0x0000000080000000, 0x0000000100000000)
  region size 1024K, 3 young (3072K), 3 survivors (3072K)
 Metaspace       used 114411K, committed 116224K, reserved 557056K
  class space    used 15960K, committed 16768K, reserved 425984K
}
Event: 76.884 GC heap before
{Heap before GC invocations=61 (full 0):
 garbage-first heap   total 343040K, used 291893K [0x0000000080000000, 0x0000000100000000)
  region size 1024K, 46 young (47104K), 3 survivors (3072K)
 Metaspace       used 114729K, committed 116480K, reserved 557056K
  class space    used 16004K, committed 16768K, reserved 425984K
}
Event: 76.892 GC heap after
{Heap after GC invocations=62 (full 0):
 garbage-first heap   total 343040K, used 252978K [0x0000000080000000, 0x0000000100000000)
  region size 1024K, 6 young (6144K), 6 survivors (6144K)
 Metaspace       used 114729K, committed 116480K, reserved 557056K
  class space    used 16004K, committed 16768K, reserved 425984K
}
Event: 77.191 GC heap before
{Heap before GC invocations=62 (full 0):
 garbage-first heap   total 343040K, used 292914K [0x0000000080000000, 0x0000000100000000)
  region size 1024K, 46 young (47104K), 6 survivors (6144K)
 Metaspace       used 114814K, committed 116608K, reserved 557056K
  class space    used 16004K, committed 16768K, reserved 425984K
}
Event: 77.205 GC heap after
{Heap after GC invocations=63 (full 0):
 garbage-first heap   total 343040K, used 255459K [0x0000000080000000, 0x0000000100000000)
  region size 1024K, 3 young (3072K), 3 survivors (3072K)
 Metaspace       used 114814K, committed 116608K, reserved 557056K
  class space    used 16004K, committed 16768K, reserved 425984K
}

